[INFO ] 2018-12-10 19:07:02,743 com.webtest.utils.Log - Using Firefox
[INFO ] 2018-12-10 19:07:02,777 com.webtest.utils.Log - firefox
[INFO ] 2018-12-10 19:07:06,249 com.webtest.utils.Log - Opened url :http://localhost:8032/wordpress/wp-login.php
[INFO ] 2018-12-10 19:08:37,381 com.webtest.utils.Log - Using Firefox
[INFO ] 2018-12-10 19:08:37,413 com.webtest.utils.Log - firefox
[INFO ] 2018-12-10 19:08:40,832 com.webtest.utils.Log - Opened url :http://localhost:8032/wordpress/wp-login.php
[INFO ] 2018-12-10 19:18:41,258 com.webtest.utils.Log - Using Firefox
[INFO ] 2018-12-10 19:18:41,288 com.webtest.utils.Log - firefox
[INFO ] 2018-12-10 19:18:44,732 com.webtest.utils.Log - Opened url :http://localhost:8032/wordpress/wp-login.php
[INFO ] 2018-12-10 19:20:48,483 com.webtest.utils.Log - Using Firefox
[INFO ] 2018-12-10 19:20:48,516 com.webtest.utils.Log - firefox
[INFO ] 2018-12-10 19:20:52,007 com.webtest.utils.Log - Opened url :http://localhost:8032/wordpress/wp-login.php
[INFO ] 2018-12-10 19:21:21,910 com.webtest.utils.Log - Using Firefox
[INFO ] 2018-12-10 19:21:21,940 com.webtest.utils.Log - firefox
[INFO ] 2018-12-10 19:21:25,335 com.webtest.utils.Log - Opened url :http://localhost:8032/wordpress/wp-login.php
[INFO ] 2018-12-10 19:29:27,627 com.webtest.utils.Log - Using Firefox
[INFO ] 2018-12-10 19:29:27,660 com.webtest.utils.Log - firefox
[INFO ] 2018-12-10 19:29:31,088 com.webtest.utils.Log - Opened url :http://localhost:8032/wordpress/wp-login.php
[INFO ] 2018-12-10 19:30:35,871 com.webtest.utils.Log - Using Firefox
[INFO ] 2018-12-10 19:30:35,902 com.webtest.utils.Log - firefox
[INFO ] 2018-12-10 19:30:39,358 com.webtest.utils.Log - Opened url :http://localhost:8032/wordpress/wp-login.php
[ERROR] 2018-12-10 19:30:47,480 com.webtest.utils.Log - org.openqa.selenium.InvalidSelectorException: Given xpath expression "//button[contains.,'完成']" is invalid: SyntaxError: The expression is not a legal expression.
For documentation on this error, please visit: http://seleniumhq.org/exceptions/invalid_selector_exception.html
Build info: version: '3.6.0', revision: '6fbf3ec767', time: '2017-09-27T16:15:40.131Z'
System info: host: 'WHATQ', ip: '169.254.144.88', os.name: 'Windows 10', os.arch: 'amd64', os.version: '10.0', java.version: '1.8.0_191'
Driver info: org.openqa.selenium.firefox.FirefoxDriver
Capabilities [{moz:profile=C:\Users\60132\AppData\Local\Temp\rust_mozprofile.UTW08ysFvB0k, rotatable=false, timeouts={implicit=0, pageLoad=300000, script=30000}, pageLoadStrategy=normal, moz:headless=false, platform=XP, specificationLevel=0, moz:accessibilityChecks=false, acceptInsecureCerts=true, browserVersion=56.0, platformVersion=10.0, moz:processID=11428, browserName=firefox, javascriptEnabled=true, platformName=XP}]
Session ID: aeb6426a-248c-4d96-a6ed-e5a5aaa3613a
*** Element info: {Using=xpath, value=//button[contains.,'完成']}
[INFO ] 2018-12-10 19:31:33,824 com.webtest.utils.Log - Using Firefox
[INFO ] 2018-12-10 19:31:33,861 com.webtest.utils.Log - firefox
[INFO ] 2018-12-10 19:31:37,282 com.webtest.utils.Log - Opened url :http://localhost:8032/wordpress/wp-login.php
[INFO ] 2018-12-10 19:32:32,057 com.webtest.utils.Log - Using Firefox
[INFO ] 2018-12-10 19:32:32,099 com.webtest.utils.Log - firefox
[INFO ] 2018-12-10 19:32:35,590 com.webtest.utils.Log - Opened url :http://localhost:8032/wordpress/wp-login.php
[INFO ] 2018-12-10 19:51:34,129 com.webtest.utils.Log - Using Firefox
[INFO ] 2018-12-10 19:51:34,168 com.webtest.utils.Log - firefox
[INFO ] 2018-12-10 19:51:37,803 com.webtest.utils.Log - Opened url :http://localhost:8032/wordpress/wp-login.php
[ERROR] 2018-12-10 19:51:54,666 com.webtest.utils.Log - org.openqa.selenium.NoSuchElementException: Unable to locate element: //div[@id='widget-1_rss-5']/div[@class='widget-inside']/div[@class='form']/div[@class='widget-control-actions']/div[@class='alignleft']/button[contains(.,'完成')]
For documentation on this error, please visit: http://seleniumhq.org/exceptions/no_such_element.html
Build info: version: '3.6.0', revision: '6fbf3ec767', time: '2017-09-27T16:15:40.131Z'
System info: host: 'WHATQ', ip: '169.254.144.88', os.name: 'Windows 10', os.arch: 'amd64', os.version: '10.0', java.version: '1.8.0_191'
Driver info: org.openqa.selenium.firefox.FirefoxDriver
Capabilities [{moz:profile=C:\Users\60132\AppData\Local\Temp\rust_mozprofile.5oPLoMnAqRBs, rotatable=false, timeouts={implicit=0, pageLoad=300000, script=30000}, pageLoadStrategy=normal, moz:headless=false, platform=XP, specificationLevel=0, moz:accessibilityChecks=false, acceptInsecureCerts=true, browserVersion=56.0, platformVersion=10.0, moz:processID=19676, browserName=firefox, javascriptEnabled=true, platformName=XP}]
Session ID: 04e040c0-aeab-40f5-845f-89e4a10854ec
*** Element info: {Using=xpath, value=//div[@id='widget-1_rss-5']/div[@class='widget-inside']/div[@class='form']/div[@class='widget-control-actions']/div[@class='alignleft']/button[contains(.,'完成')]}
[INFO ] 2018-12-10 19:52:59,103 com.webtest.utils.Log - Using Firefox
[INFO ] 2018-12-10 19:52:59,160 com.webtest.utils.Log - firefox
[INFO ] 2018-12-10 19:53:02,759 com.webtest.utils.Log - Opened url :http://localhost:8032/wordpress/wp-login.php
[INFO ] 2018-12-10 19:55:09,348 com.webtest.utils.Log - Using Firefox
[INFO ] 2018-12-10 19:55:09,380 com.webtest.utils.Log - firefox
[INFO ] 2018-12-10 19:55:12,827 com.webtest.utils.Log - Opened url :http://localhost:8032/wordpress/wp-login.php
[ERROR] 2018-12-10 19:55:29,727 com.webtest.utils.Log - org.openqa.selenium.NoSuchElementException: Unable to locate element: /html/body/div[1]/form/div[3]/div[2]/div[2]/ul[14]/li[7]/div/div[3]/div[2]/div[2]/div[1]/button
For documentation on this error, please visit: http://seleniumhq.org/exceptions/no_such_element.html
Build info: version: '3.6.0', revision: '6fbf3ec767', time: '2017-09-27T16:15:40.131Z'
System info: host: 'WHATQ', ip: '169.254.144.88', os.name: 'Windows 10', os.arch: 'amd64', os.version: '10.0', java.version: '1.8.0_191'
Driver info: org.openqa.selenium.firefox.FirefoxDriver
Capabilities [{moz:profile=C:\Users\60132\AppData\Local\Temp\rust_mozprofile.lhNenqaWvy4J, rotatable=false, timeouts={implicit=0, pageLoad=300000, script=30000}, pageLoadStrategy=normal, moz:headless=false, platform=XP, specificationLevel=0, moz:accessibilityChecks=false, acceptInsecureCerts=true, browserVersion=56.0, platformVersion=10.0, moz:processID=19192, browserName=firefox, javascriptEnabled=true, platformName=XP}]
Session ID: f73e1250-0761-4dd3-aaa9-69d5297c6e4e
*** Element info: {Using=xpath, value=/html/body/div[1]/form/div[3]/div[2]/div[2]/ul[14]/li[7]/div/div[3]/div[2]/div[2]/div[1]/button}
[INFO ] 2018-12-10 19:57:18,866 com.webtest.utils.Log - Using Firefox
[INFO ] 2018-12-10 19:57:18,911 com.webtest.utils.Log - firefox
[INFO ] 2018-12-10 19:57:22,366 com.webtest.utils.Log - Opened url :http://localhost:8032/wordpress/wp-login.php
[ERROR] 2018-12-10 19:57:42,191 com.webtest.utils.Log - org.openqa.selenium.NoSuchElementException: Unable to locate element: /html/body/div[1]/form/div[3]/div[2]/div[2]/ul[14]/li[7]/div/div[3]/div[2]/div[2]/div[1]/button
For documentation on this error, please visit: http://seleniumhq.org/exceptions/no_such_element.html
Build info: version: '3.6.0', revision: '6fbf3ec767', time: '2017-09-27T16:15:40.131Z'
System info: host: 'WHATQ', ip: '169.254.144.88', os.name: 'Windows 10', os.arch: 'amd64', os.version: '10.0', java.version: '1.8.0_191'
Driver info: org.openqa.selenium.firefox.FirefoxDriver
Capabilities [{moz:profile=C:\Users\60132\AppData\Local\Temp\rust_mozprofile.a2tHbuKHYwJV, rotatable=false, timeouts={implicit=0, pageLoad=300000, script=30000}, pageLoadStrategy=normal, moz:headless=false, platform=XP, specificationLevel=0, moz:accessibilityChecks=false, acceptInsecureCerts=true, browserVersion=56.0, platformVersion=10.0, moz:processID=19476, browserName=firefox, javascriptEnabled=true, platformName=XP}]
Session ID: fc7cfcbf-9878-451d-b1e1-95b3f1fe91cf
*** Element info: {Using=xpath, value=/html/body/div[1]/form/div[3]/div[2]/div[2]/ul[14]/li[7]/div/div[3]/div[2]/div[2]/div[1]/button}
[INFO ] 2018-12-11 08:05:33,246 com.webtest.utils.Log - Using Firefox
[INFO ] 2018-12-11 08:05:33,345 com.webtest.utils.Log - firefox
[INFO ] 2018-12-11 08:05:36,849 com.webtest.utils.Log - Opened url :http://localhost:8032/wordpress/wp-login.php
[ERROR] 2018-12-11 08:05:53,517 com.webtest.utils.Log - org.openqa.selenium.NoSuchElementException: Unable to locate element: #widget\-tpl\-rss\-1
For documentation on this error, please visit: http://seleniumhq.org/exceptions/no_such_element.html
Build info: version: '3.6.0', revision: '6fbf3ec767', time: '2017-09-27T16:15:40.131Z'
System info: host: 'WHATQ', ip: '169.254.144.88', os.name: 'Windows 10', os.arch: 'amd64', os.version: '10.0', java.version: '1.8.0_191'
Driver info: org.openqa.selenium.firefox.FirefoxDriver
Capabilities [{moz:profile=C:\Users\60132\AppData\Local\Temp\rust_mozprofile.V2zR8awKdfKX, rotatable=false, timeouts={implicit=0, pageLoad=300000, script=30000}, pageLoadStrategy=normal, moz:headless=false, platform=XP, specificationLevel=0, moz:accessibilityChecks=false, acceptInsecureCerts=true, browserVersion=56.0, platformVersion=10.0, moz:processID=16276, browserName=firefox, javascriptEnabled=true, platformName=XP}]
Session ID: a15f9470-5323-44bf-b206-21d1344e84ab
*** Element info: {Using=id, value=widget-tpl-rss-1}
[INFO ] 2018-12-11 08:06:08,773 com.webtest.utils.Log - Using Firefox
[INFO ] 2018-12-11 08:06:08,806 com.webtest.utils.Log - firefox
[INFO ] 2018-12-11 08:06:12,175 com.webtest.utils.Log - Opened url :http://localhost:8032/wordpress/wp-login.php
[ERROR] 2018-12-11 08:06:28,362 com.webtest.utils.Log - org.openqa.selenium.NoSuchElementException: Unable to locate element: #widget\-tpl\-rss\-1
For documentation on this error, please visit: http://seleniumhq.org/exceptions/no_such_element.html
Build info: version: '3.6.0', revision: '6fbf3ec767', time: '2017-09-27T16:15:40.131Z'
System info: host: 'WHATQ', ip: '169.254.144.88', os.name: 'Windows 10', os.arch: 'amd64', os.version: '10.0', java.version: '1.8.0_191'
Driver info: org.openqa.selenium.firefox.FirefoxDriver
Capabilities [{moz:profile=C:\Users\60132\AppData\Local\Temp\rust_mozprofile.L30lZdjNzhrV, rotatable=false, timeouts={implicit=0, pageLoad=300000, script=30000}, pageLoadStrategy=normal, moz:headless=false, platform=XP, specificationLevel=0, moz:accessibilityChecks=false, acceptInsecureCerts=true, browserVersion=56.0, platformVersion=10.0, moz:processID=13336, browserName=firefox, javascriptEnabled=true, platformName=XP}]
Session ID: df2ac76f-158b-4049-b683-a14983d8a270
*** Element info: {Using=id, value=widget-tpl-rss-1}
[INFO ] 2018-12-11 08:08:14,322 com.webtest.utils.Log - Using Firefox
[INFO ] 2018-12-11 08:08:14,362 com.webtest.utils.Log - firefox
[INFO ] 2018-12-11 08:08:17,797 com.webtest.utils.Log - Opened url :http://localhost:8032/wordpress/wp-login.php
[INFO ] 2018-12-11 13:57:27,763 com.webtest.utils.Log - Using Firefox
[INFO ] 2018-12-11 13:57:27,862 com.webtest.utils.Log - firefox
[INFO ] 2018-12-11 13:57:31,541 com.webtest.utils.Log - Opened url :http://localhost:8032/wordpress/wp-login.php
[INFO ] 2018-12-11 13:57:44,646 com.webtest.utils.Log - Opened url :http://localhost:8032/wordpress/wp-login.php
[INFO ] 2018-12-11 13:59:34,082 com.webtest.utils.Log - Using Firefox
[INFO ] 2018-12-11 13:59:34,114 com.webtest.utils.Log - firefox
[INFO ] 2018-12-11 13:59:37,493 com.webtest.utils.Log - Opened url :http://localhost:8032/wordpress/wp-login.php
[ERROR] 2018-12-11 13:59:54,669 com.webtest.utils.Log - org.openqa.selenium.NoSuchElementException: Unable to locate element: #widget\-tpl\-rss\-2
For documentation on this error, please visit: http://seleniumhq.org/exceptions/no_such_element.html
Build info: version: '3.6.0', revision: '6fbf3ec767', time: '2017-09-27T16:15:40.131Z'
System info: host: 'WHATQ', ip: '169.254.144.88', os.name: 'Windows 10', os.arch: 'amd64', os.version: '10.0', java.version: '1.8.0_191'
Driver info: org.openqa.selenium.firefox.FirefoxDriver
Capabilities [{moz:profile=C:\Users\60132\AppData\Local\Temp\rust_mozprofile.4Yf1VwF17XBx, rotatable=false, timeouts={implicit=0, pageLoad=300000, script=30000}, pageLoadStrategy=normal, moz:headless=false, platform=XP, specificationLevel=0, moz:accessibilityChecks=false, acceptInsecureCerts=true, browserVersion=56.0, platformVersion=10.0, moz:processID=1332, browserName=firefox, javascriptEnabled=true, platformName=XP}]
Session ID: 92bb9a2f-b134-4dbf-b66b-81a07d6c5a7a
*** Element info: {Using=id, value=widget-tpl-rss-2}
[INFO ] 2018-12-11 14:06:22,134 com.webtest.utils.Log - Using Firefox
[INFO ] 2018-12-11 14:06:22,164 com.webtest.utils.Log - firefox
[INFO ] 2018-12-11 14:06:25,550 com.webtest.utils.Log - Opened url :http://localhost:8032/wordpress/wp-login.php
[ERROR] 2018-12-11 14:06:40,262 com.webtest.utils.Log - org.openqa.selenium.NoSuchElementException: Unable to locate element: #widget\-23_rss\-5
For documentation on this error, please visit: http://seleniumhq.org/exceptions/no_such_element.html
Build info: version: '3.6.0', revision: '6fbf3ec767', time: '2017-09-27T16:15:40.131Z'
System info: host: 'WHATQ', ip: '169.254.144.88', os.name: 'Windows 10', os.arch: 'amd64', os.version: '10.0', java.version: '1.8.0_191'
Driver info: org.openqa.selenium.firefox.FirefoxDriver
Capabilities [{moz:profile=C:\Users\60132\AppData\Local\Temp\rust_mozprofile.1Bz9ta144VVM, rotatable=false, timeouts={implicit=0, pageLoad=300000, script=30000}, pageLoadStrategy=normal, moz:headless=false, platform=XP, specificationLevel=0, moz:accessibilityChecks=false, acceptInsecureCerts=true, browserVersion=56.0, platformVersion=10.0, moz:processID=2440, browserName=firefox, javascriptEnabled=true, platformName=XP}]
Session ID: a133a6c3-9fe3-4374-a6e4-0b40dcd24809
*** Element info: {Using=id, value=widget-23_rss-5}
[ERROR] 2018-12-11 14:06:50,272 com.webtest.utils.Log - org.openqa.selenium.NoSuchElementException: Unable to locate element: //button[@title='停用小工具，并将其移动到未启用的小工具侧栏。']
For documentation on this error, please visit: http://seleniumhq.org/exceptions/no_such_element.html
Build info: version: '3.6.0', revision: '6fbf3ec767', time: '2017-09-27T16:15:40.131Z'
System info: host: 'WHATQ', ip: '169.254.144.88', os.name: 'Windows 10', os.arch: 'amd64', os.version: '10.0', java.version: '1.8.0_191'
Driver info: org.openqa.selenium.firefox.FirefoxDriver
Capabilities [{moz:profile=C:\Users\60132\AppData\Local\Temp\rust_mozprofile.1Bz9ta144VVM, rotatable=false, timeouts={implicit=0, pageLoad=300000, script=30000}, pageLoadStrategy=normal, moz:headless=false, platform=XP, specificationLevel=0, moz:accessibilityChecks=false, acceptInsecureCerts=true, browserVersion=56.0, platformVersion=10.0, moz:processID=2440, browserName=firefox, javascriptEnabled=true, platformName=XP}]
Session ID: a133a6c3-9fe3-4374-a6e4-0b40dcd24809
*** Element info: {Using=xpath, value=//button[@title='停用小工具，并将其移动到未启用的小工具侧栏。']}
[INFO ] 2018-12-11 14:08:01,835 com.webtest.utils.Log - Using Firefox
[INFO ] 2018-12-11 14:08:01,864 com.webtest.utils.Log - firefox
[INFO ] 2018-12-11 14:08:05,244 com.webtest.utils.Log - Opened url :http://localhost:8032/wordpress/wp-login.php
[INFO ] 2018-12-11 14:10:45,621 com.webtest.utils.Log - Using Firefox
[INFO ] 2018-12-11 14:10:45,658 com.webtest.utils.Log - firefox
[INFO ] 2018-12-11 14:10:49,149 com.webtest.utils.Log - Opened url :http://localhost:8032/wordpress/wp-login.php
[INFO ] 2018-12-11 14:11:49,553 com.webtest.utils.Log - Using Firefox
[INFO ] 2018-12-11 14:11:49,587 com.webtest.utils.Log - firefox
[INFO ] 2018-12-11 14:11:53,003 com.webtest.utils.Log - Opened url :http://localhost:8032/wordpress/wp-login.php
[INFO ] 2018-12-11 14:12:36,527 com.webtest.utils.Log - Using Firefox
[INFO ] 2018-12-11 14:12:36,571 com.webtest.utils.Log - firefox
[INFO ] 2018-12-11 14:12:40,122 com.webtest.utils.Log - Opened url :http://localhost:8032/wordpress/wp-login.php
[INFO ] 2018-12-11 14:28:58,142 com.webtest.utils.Log - Using Firefox
[INFO ] 2018-12-11 14:28:58,172 com.webtest.utils.Log - firefox
[INFO ] 2018-12-11 14:29:01,552 com.webtest.utils.Log - Opened url :http://localhost:8032/wordpress/wp-login.php
[INFO ] 2018-12-11 14:29:36,966 com.webtest.utils.Log - Using Firefox
[INFO ] 2018-12-11 14:29:36,997 com.webtest.utils.Log - firefox
[INFO ] 2018-12-11 14:29:40,447 com.webtest.utils.Log - Opened url :http://localhost:8032/wordpress/wp-login.php
[INFO ] 2018-12-11 14:30:51,094 com.webtest.utils.Log - Using Firefox
[INFO ] 2018-12-11 14:30:51,135 com.webtest.utils.Log - firefox
[INFO ] 2018-12-11 14:30:54,538 com.webtest.utils.Log - Opened url :http://localhost:8032/wordpress/wp-login.php
[INFO ] 2018-12-11 14:32:07,604 com.webtest.utils.Log - Using Firefox
[INFO ] 2018-12-11 14:32:07,632 com.webtest.utils.Log - firefox
[INFO ] 2018-12-11 14:32:11,051 com.webtest.utils.Log - Opened url :http://localhost:8032/wordpress/wp-login.php
[INFO ] 2018-12-11 14:33:02,225 com.webtest.utils.Log - Using Firefox
[INFO ] 2018-12-11 14:33:02,262 com.webtest.utils.Log - firefox
[INFO ] 2018-12-11 14:33:05,919 com.webtest.utils.Log - Opened url :http://localhost:8032/wordpress/wp-login.php
[ERROR] 2018-12-11 14:33:22,196 com.webtest.utils.Log - org.openqa.selenium.NoSuchElementException: Unable to locate element: #widget\-24_rss\-7
For documentation on this error, please visit: http://seleniumhq.org/exceptions/no_such_element.html
Build info: version: '3.6.0', revision: '6fbf3ec767', time: '2017-09-27T16:15:40.131Z'
System info: host: 'WHATQ', ip: '169.254.144.88', os.name: 'Windows 10', os.arch: 'amd64', os.version: '10.0', java.version: '1.8.0_191'
Driver info: org.openqa.selenium.firefox.FirefoxDriver
Capabilities [{moz:profile=C:\Users\60132\AppData\Local\Temp\rust_mozprofile.Ij6kC71WkA4U, rotatable=false, timeouts={implicit=0, pageLoad=300000, script=30000}, pageLoadStrategy=normal, moz:headless=false, platform=XP, specificationLevel=0, moz:accessibilityChecks=false, acceptInsecureCerts=true, browserVersion=56.0, platformVersion=10.0, moz:processID=13676, browserName=firefox, javascriptEnabled=true, platformName=XP}]
Session ID: fb71a2b0-0fe7-4c72-b312-97343b56a756
*** Element info: {Using=id, value=widget-24_rss-7}
[INFO ] 2018-12-11 14:49:19,966 com.webtest.utils.Log - Using Firefox
[INFO ] 2018-12-11 14:49:19,995 com.webtest.utils.Log - firefox
[INFO ] 2018-12-11 14:49:23,375 com.webtest.utils.Log - Opened url :http://localhost:8032/wordpress/wp-login.php
[ERROR] 2018-12-11 14:49:39,522 com.webtest.utils.Log - org.openqa.selenium.NoSuchElementException: Unable to locate element: #widget\-tpl\-rss\-2
For documentation on this error, please visit: http://seleniumhq.org/exceptions/no_such_element.html
Build info: version: '3.6.0', revision: '6fbf3ec767', time: '2017-09-27T16:15:40.131Z'
System info: host: 'WHATQ', ip: '169.254.144.88', os.name: 'Windows 10', os.arch: 'amd64', os.version: '10.0', java.version: '1.8.0_191'
Driver info: org.openqa.selenium.firefox.FirefoxDriver
Capabilities [{moz:profile=C:\Users\60132\AppData\Local\Temp\rust_mozprofile.bb6lJUniq0JE, rotatable=false, timeouts={implicit=0, pageLoad=300000, script=30000}, pageLoadStrategy=normal, moz:headless=false, platform=XP, specificationLevel=0, moz:accessibilityChecks=false, acceptInsecureCerts=true, browserVersion=56.0, platformVersion=10.0, moz:processID=1672, browserName=firefox, javascriptEnabled=true, platformName=XP}]
Session ID: b3b9a704-360c-493b-bf60-ce864a0a1180
*** Element info: {Using=id, value=widget-tpl-rss-2}
[INFO ] 2018-12-11 14:50:13,644 com.webtest.utils.Log - Using Firefox
[INFO ] 2018-12-11 14:50:13,674 com.webtest.utils.Log - firefox
[INFO ] 2018-12-11 14:50:17,060 com.webtest.utils.Log - Opened url :http://localhost:8032/wordpress/wp-login.php
[ERROR] 2018-12-11 14:50:33,246 com.webtest.utils.Log - org.openqa.selenium.NoSuchElementException: Unable to locate element: #widget\-tpl\-rss\-2
For documentation on this error, please visit: http://seleniumhq.org/exceptions/no_such_element.html
Build info: version: '3.6.0', revision: '6fbf3ec767', time: '2017-09-27T16:15:40.131Z'
System info: host: 'WHATQ', ip: '169.254.144.88', os.name: 'Windows 10', os.arch: 'amd64', os.version: '10.0', java.version: '1.8.0_191'
Driver info: org.openqa.selenium.firefox.FirefoxDriver
Capabilities [{moz:profile=C:\Users\60132\AppData\Local\Temp\rust_mozprofile.lBgTyWh9Ctub, rotatable=false, timeouts={implicit=0, pageLoad=300000, script=30000}, pageLoadStrategy=normal, moz:headless=false, platform=XP, specificationLevel=0, moz:accessibilityChecks=false, acceptInsecureCerts=true, browserVersion=56.0, platformVersion=10.0, moz:processID=13004, browserName=firefox, javascriptEnabled=true, platformName=XP}]
Session ID: b418fa84-e264-43e8-be81-1a7cffb99a03
*** Element info: {Using=id, value=widget-tpl-rss-2}
[INFO ] 2018-12-11 14:51:46,752 com.webtest.utils.Log - Using Firefox
[INFO ] 2018-12-11 14:51:46,792 com.webtest.utils.Log - firefox
[INFO ] 2018-12-11 14:51:50,202 com.webtest.utils.Log - Opened url :http://localhost:8032/wordpress/wp-login.php
[INFO ] 2018-12-11 14:54:29,918 com.webtest.utils.Log - Using Firefox
[INFO ] 2018-12-11 14:54:29,948 com.webtest.utils.Log - firefox
[INFO ] 2018-12-11 14:54:33,320 com.webtest.utils.Log - Opened url :http://localhost:8032/wordpress/wp-login.php
[INFO ] 2018-12-11 14:55:16,640 com.webtest.utils.Log - Using Firefox
[INFO ] 2018-12-11 14:55:16,672 com.webtest.utils.Log - firefox
[INFO ] 2018-12-11 14:55:20,105 com.webtest.utils.Log - Opened url :http://localhost:8032/wordpress/wp-login.php
[ERROR] 2018-12-11 14:55:36,358 com.webtest.utils.Log - org.openqa.selenium.NoSuchElementException: Unable to locate element: #widget\-24_rss\-9
For documentation on this error, please visit: http://seleniumhq.org/exceptions/no_such_element.html
Build info: version: '3.6.0', revision: '6fbf3ec767', time: '2017-09-27T16:15:40.131Z'
System info: host: 'WHATQ', ip: '169.254.144.88', os.name: 'Windows 10', os.arch: 'amd64', os.version: '10.0', java.version: '1.8.0_191'
Driver info: org.openqa.selenium.firefox.FirefoxDriver
Capabilities [{moz:profile=C:\Users\60132\AppData\Local\Temp\rust_mozprofile.60WdRQApIljf, rotatable=false, timeouts={implicit=0, pageLoad=300000, script=30000}, pageLoadStrategy=normal, moz:headless=false, platform=XP, specificationLevel=0, moz:accessibilityChecks=false, acceptInsecureCerts=true, browserVersion=56.0, platformVersion=10.0, moz:processID=17864, browserName=firefox, javascriptEnabled=true, platformName=XP}]
Session ID: 7d38dcc1-8e5b-42d1-8ca8-98c7729e3b7e
*** Element info: {Using=id, value=widget-24_rss-9}
[INFO ] 2018-12-11 14:56:05,762 com.webtest.utils.Log - Using Firefox
[INFO ] 2018-12-11 14:56:05,807 com.webtest.utils.Log - firefox
[INFO ] 2018-12-11 14:56:09,379 com.webtest.utils.Log - Opened url :http://localhost:8032/wordpress/wp-login.php
[INFO ] 2018-12-11 14:57:45,988 com.webtest.utils.Log - Using Firefox
[INFO ] 2018-12-11 14:57:46,019 com.webtest.utils.Log - firefox
[INFO ] 2018-12-11 14:57:49,426 com.webtest.utils.Log - Opened url :http://localhost:8032/wordpress/wp-login.php
[INFO ] 2018-12-11 14:59:35,672 com.webtest.utils.Log - Using Firefox
[INFO ] 2018-12-11 14:59:35,706 com.webtest.utils.Log - firefox
[INFO ] 2018-12-11 14:59:39,100 com.webtest.utils.Log - Opened url :http://localhost:8032/wordpress/wp-login.php
[INFO ] 2018-12-11 15:00:50,130 com.webtest.utils.Log - Using Firefox
[INFO ] 2018-12-11 15:00:50,163 com.webtest.utils.Log - firefox
[INFO ] 2018-12-11 15:00:53,566 com.webtest.utils.Log - Opened url :http://localhost:8032/wordpress/wp-login.php
[INFO ] 2018-12-11 15:01:33,338 com.webtest.utils.Log - Using Firefox
[INFO ] 2018-12-11 15:01:33,369 com.webtest.utils.Log - firefox
[INFO ] 2018-12-11 15:01:36,888 com.webtest.utils.Log - Opened url :http://localhost:8032/wordpress/wp-login.php
[INFO ] 2018-12-11 15:02:30,594 com.webtest.utils.Log - Using Firefox
[INFO ] 2018-12-11 15:02:30,639 com.webtest.utils.Log - firefox
[INFO ] 2018-12-11 15:02:34,089 com.webtest.utils.Log - Opened url :http://localhost:8032/wordpress/wp-login.php
[ERROR] 2018-12-11 15:02:50,785 com.webtest.utils.Log - org.openqa.selenium.NoSuchElementException: Unable to locate element: #widget\-23_calendar\-3
For documentation on this error, please visit: http://seleniumhq.org/exceptions/no_such_element.html
Build info: version: '3.6.0', revision: '6fbf3ec767', time: '2017-09-27T16:15:40.131Z'
System info: host: 'WHATQ', ip: '169.254.144.88', os.name: 'Windows 10', os.arch: 'amd64', os.version: '10.0', java.version: '1.8.0_191'
Driver info: org.openqa.selenium.firefox.FirefoxDriver
Capabilities [{moz:profile=C:\Users\60132\AppData\Local\Temp\rust_mozprofile.EqXGk4rkCP7u, rotatable=false, timeouts={implicit=0, pageLoad=300000, script=30000}, pageLoadStrategy=normal, moz:headless=false, platform=XP, specificationLevel=0, moz:accessibilityChecks=false, acceptInsecureCerts=true, browserVersion=56.0, platformVersion=10.0, moz:processID=20032, browserName=firefox, javascriptEnabled=true, platformName=XP}]
Session ID: 92adb045-eb7a-43c7-b9f6-4d0d4c995b9c
*** Element info: {Using=id, value=widget-23_calendar-3}
[INFO ] 2018-12-11 15:04:30,314 com.webtest.utils.Log - Using Firefox
[INFO ] 2018-12-11 15:04:30,343 com.webtest.utils.Log - firefox
[INFO ] 2018-12-11 15:04:33,758 com.webtest.utils.Log - Opened url :http://localhost:8032/wordpress/wp-login.php
[INFO ] 2018-12-11 15:07:42,717 com.webtest.utils.Log - Using Firefox
[INFO ] 2018-12-11 15:07:42,748 com.webtest.utils.Log - firefox
[INFO ] 2018-12-11 15:07:46,167 com.webtest.utils.Log - Opened url :http://localhost:8032/wordpress/wp-login.php
[INFO ] 2018-12-11 15:27:53,339 com.webtest.utils.Log - Using Firefox
[INFO ] 2018-12-11 15:27:53,368 com.webtest.utils.Log - firefox
[INFO ] 2018-12-11 15:27:57,026 com.webtest.utils.Log - Opened url :http://localhost:8032/wordpress/wp-login.php
[INFO ] 2018-12-11 15:28:41,067 com.webtest.utils.Log - Using Firefox
[INFO ] 2018-12-11 15:28:41,096 com.webtest.utils.Log - firefox
[INFO ] 2018-12-11 15:28:44,533 com.webtest.utils.Log - Opened url :http://localhost:8032/wordpress/wp-login.php
[INFO ] 2018-12-11 15:29:59,385 com.webtest.utils.Log - Using Firefox
[INFO ] 2018-12-11 15:29:59,431 com.webtest.utils.Log - firefox
[INFO ] 2018-12-11 15:30:02,818 com.webtest.utils.Log - Opened url :http://localhost:8032/wordpress/wp-login.php
[INFO ] 2018-12-11 15:30:39,257 com.webtest.utils.Log - Using Firefox
[INFO ] 2018-12-11 15:30:39,290 com.webtest.utils.Log - firefox
[INFO ] 2018-12-11 15:30:42,682 com.webtest.utils.Log - Opened url :http://localhost:8032/wordpress/wp-login.php
[ERROR] 2018-12-11 15:30:57,515 com.webtest.utils.Log - org.openqa.selenium.NoSuchElementException: Unable to locate element: //h3[@text='测试菜单1']
For documentation on this error, please visit: http://seleniumhq.org/exceptions/no_such_element.html
Build info: version: '3.6.0', revision: '6fbf3ec767', time: '2017-09-27T16:15:40.131Z'
System info: host: 'WHATQ', ip: '169.254.144.88', os.name: 'Windows 10', os.arch: 'amd64', os.version: '10.0', java.version: '1.8.0_191'
Driver info: org.openqa.selenium.firefox.FirefoxDriver
Capabilities [{moz:profile=C:\Users\60132\AppData\Local\Temp\rust_mozprofile.y4GmCEQJh2yp, rotatable=false, timeouts={implicit=0, pageLoad=300000, script=30000}, pageLoadStrategy=normal, moz:headless=false, platform=XP, specificationLevel=0, moz:accessibilityChecks=false, acceptInsecureCerts=true, browserVersion=56.0, platformVersion=10.0, moz:processID=17696, browserName=firefox, javascriptEnabled=true, platformName=XP}]
Session ID: 53dbb889-13ba-436e-9cb3-ce8329845f0e
*** Element info: {Using=xpath, value=//h3[@text='测试菜单1']}
[INFO ] 2018-12-11 15:34:44,136 com.webtest.utils.Log - Using Firefox
[INFO ] 2018-12-11 15:34:44,181 com.webtest.utils.Log - firefox
[INFO ] 2018-12-11 15:34:47,661 com.webtest.utils.Log - Opened url :http://localhost:8032/wordpress/wp-login.php
[ERROR] 2018-12-11 15:35:04,128 com.webtest.utils.Log - org.openqa.selenium.NoSuchElementException: Unable to locate element: //h3[text()='测试菜单1']
For documentation on this error, please visit: http://seleniumhq.org/exceptions/no_such_element.html
Build info: version: '3.6.0', revision: '6fbf3ec767', time: '2017-09-27T16:15:40.131Z'
System info: host: 'WHATQ', ip: '169.254.144.88', os.name: 'Windows 10', os.arch: 'amd64', os.version: '10.0', java.version: '1.8.0_191'
Driver info: org.openqa.selenium.firefox.FirefoxDriver
Capabilities [{moz:profile=C:\Users\60132\AppData\Local\Temp\rust_mozprofile.ieQJhrHRcMvF, rotatable=false, timeouts={implicit=0, pageLoad=300000, script=30000}, pageLoadStrategy=normal, moz:headless=false, platform=XP, specificationLevel=0, moz:accessibilityChecks=false, acceptInsecureCerts=true, browserVersion=56.0, platformVersion=10.0, moz:processID=14460, browserName=firefox, javascriptEnabled=true, platformName=XP}]
Session ID: 5bde4ab2-c096-4e1f-8b05-257efcf26cd5
*** Element info: {Using=xpath, value=//h3[text()='测试菜单1']}
[ERROR] 2018-12-11 16:30:13,878 com.webtest.utils.Log - com.wordpress.test.Login_Test@31f924f5-login_fail1_test运行失败，需要截屏
[ERROR] 2018-12-11 16:30:14,062 com.webtest.utils.Log - com.wordpress.test.Login_Test@31f924f5-login_fail2_test运行失败，需要截屏
[ERROR] 2018-12-11 16:30:14,133 com.webtest.utils.Log - com.wordpress.test.Login_Test@31f924f5-login_fail3_test运行失败，需要截屏
[ERROR] 2018-12-11 16:30:14,214 com.webtest.utils.Log - com.wordpress.test.Login_Test@31f924f5-login_fail4_test运行失败，需要截屏
[ERROR] 2018-12-11 16:30:14,268 com.webtest.utils.Log - com.wordpress.test.Login_Test@31f924f5-login_fail5_test运行失败，需要截屏
[ERROR] 2018-12-11 16:30:14,321 com.webtest.utils.Log - com.wordpress.test.Login_Test@31f924f5-login_fail6_test运行失败，需要截屏
[ERROR] 2018-12-11 17:00:58,822 com.webtest.utils.Log - com.wordpress.test.Login_Test@31f924f5-login_fail1_test运行失败，需要截屏
[ERROR] 2018-12-11 17:00:58,925 com.webtest.utils.Log - com.wordpress.test.Login_Test@31f924f5-login_fail2_test运行失败，需要截屏
[ERROR] 2018-12-11 17:00:58,997 com.webtest.utils.Log - com.wordpress.test.Login_Test@31f924f5-login_fail3_test运行失败，需要截屏
[ERROR] 2018-12-11 17:00:59,075 com.webtest.utils.Log - com.wordpress.test.Login_Test@31f924f5-login_fail4_test运行失败，需要截屏
[ERROR] 2018-12-11 17:00:59,145 com.webtest.utils.Log - com.wordpress.test.Login_Test@31f924f5-login_fail5_test运行失败，需要截屏
[ERROR] 2018-12-11 17:00:59,224 com.webtest.utils.Log - com.wordpress.test.Login_Test@31f924f5-login_fail6_test运行失败，需要截屏
